<?xml version="1.0" encoding="UTF-8"?>
<testng-results skipped="0" failed="0" ignored="0" total="1" passed="1">
  <reporter-output>
  </reporter-output>
  <suite name="Suite" duration-ms="16490" started-at="2020-09-12T10:26:39Z" finished-at="2020-09-12T10:26:56Z">
    <groups>
    </groups>
    <test name="Test" duration-ms="16490" started-at="2020-09-12T10:26:39Z" finished-at="2020-09-12T10:26:56Z">
      <class name="newpackage.TestngSample">
        <test-method status="PASS" signature="beforeTest()[pri:0, instance:newpackage.TestngSample@6193932a]" name="beforeTest" is-config="true" duration-ms="10898" started-at="2020-09-12T10:26:39Z" finished-at="2020-09-12T10:26:50Z">
          <reporter-output>
          </reporter-output>
        </test-method> <!-- beforeTest -->
        <test-method status="PASS" signature="f()[pri:0, instance:newpackage.TestngSample@6193932a]" name="f" duration-ms="1193" started-at="2020-09-12T10:26:50Z" finished-at="2020-09-12T10:26:51Z">
          <reporter-output>
          </reporter-output>
        </test-method> <!-- f -->
        <test-method status="PASS" signature="afterTest()[pri:0, instance:newpackage.TestngSample@6193932a]" name="afterTest" is-config="true" duration-ms="4352" started-at="2020-09-12T10:26:51Z" finished-at="2020-09-12T10:26:56Z">
          <reporter-output>
          </reporter-output>
        </test-method> <!-- afterTest -->
      </class> <!-- newpackage.TestngSample -->
    </test> <!-- Test -->
  </suite> <!-- Suite -->
</testng-results>
