<?xml version="1.0" encoding="UTF-8"?>
<testng-results skipped="0" failed="0" ignored="0" total="1" passed="1">
  <reporter-output>
  </reporter-output>
  <suite name="Default suite" duration-ms="17658" started-at="2020-09-12T12:52:43Z" finished-at="2020-09-12T12:53:01Z">
    <groups>
    </groups>
    <test name="Default test" duration-ms="17658" started-at="2020-09-12T12:52:43Z" finished-at="2020-09-12T12:53:01Z">
      <class name="cicdPack.Youtube">
        <test-method status="PASS" signature="beforeTest()[pri:0, instance:cicdPack.Youtube@4b9e13df]" name="beforeTest" is-config="true" duration-ms="11990" started-at="2020-09-12T12:52:43Z" finished-at="2020-09-12T12:52:55Z">
          <reporter-output>
          </reporter-output>
        </test-method> <!-- beforeTest -->
        <test-method status="PASS" signature="f()[pri:0, instance:cicdPack.Youtube@4b9e13df]" name="f" duration-ms="1238" started-at="2020-09-12T12:52:55Z" finished-at="2020-09-12T12:52:56Z">
          <reporter-output>
          </reporter-output>
        </test-method> <!-- f -->
        <test-method status="PASS" signature="afterTest()[pri:0, instance:cicdPack.Youtube@4b9e13df]" name="afterTest" is-config="true" duration-ms="4391" started-at="2020-09-12T12:52:56Z" finished-at="2020-09-12T12:53:01Z">
          <reporter-output>
          </reporter-output>
        </test-method> <!-- afterTest -->
      </class> <!-- cicdPack.Youtube -->
    </test> <!-- Default test -->
  </suite> <!-- Default suite -->
</testng-results>
